<?xml version="1.0" encoding="UTF-8"?>
<testsuite name="checking the AppMovil" tests="1" skipped="0" failures="1" errors="0" timestamp="2022-11-03T17:10:04" hostname="SQABOG-TGP4980" time="63.438">
  <properties/>
  <testcase name="Select producto to user" classname="checking the AppMovil" time="63.438">
    <failure message="java.lang.NullPointerException" type="java.lang.NullPointerException">java.lang.NullPointerException
	at java.base/java.lang.String.contains(String.java:2036)
	at interactions.InteractWithThis.performAs(InteractWithThis.java:30)
	at interactions.InteractWithThis$$EnhancerByCGLIB$$7585e5f1.CGLIB$performAs$0(&lt;generated&gt;)
	at interactions.InteractWithThis$$EnhancerByCGLIB$$7585e5f1$$FastClassByCGLIB$$a5445c95.invoke(&lt;generated&gt;)
	at net.sf.cglib.proxy.MethodProxy.invokeSuper(MethodProxy.java:228)
	at net.thucydides.core.steps.StepInterceptor.invokeMethod(StepInterceptor.java:460)
	at net.thucydides.core.steps.StepInterceptor.executeTestStepMethod(StepInterceptor.java:445)
	at net.thucydides.core.steps.StepInterceptor.runTestStep(StepInterceptor.java:420)
	at net.thucydides.core.steps.StepInterceptor.runOrSkipMethod(StepInterceptor.java:175)
	at net.thucydides.core.steps.StepInterceptor.testStepResult(StepInterceptor.java:162)
	at net.thucydides.core.steps.StepInterceptor.intercept(StepInterceptor.java:68)
	at interactions.InteractWithThis$$EnhancerByCGLIB$$7585e5f1.performAs(&lt;generated&gt;)
	at net.serenitybdd.screenplay.Actor.performTask(Actor.java:233)
	at net.serenitybdd.screenplay.Actor.perform(Actor.java:214)
	at net.serenitybdd.screenplay.Actor.attemptsTo(Actor.java:171)
	at interactions.SelectProductsOfUsers.performAs(SelectProductsOfUsers.java:50)
	at interactions.SelectProductsOfUsers$$EnhancerByCGLIB$$61fd2270.CGLIB$performAs$0(&lt;generated&gt;)
	at interactions.SelectProductsOfUsers$$EnhancerByCGLIB$$61fd2270$$FastClassByCGLIB$$b1280274.invoke(&lt;generated&gt;)
	at net.sf.cglib.proxy.MethodProxy.invokeSuper(MethodProxy.java:228)
	at net.thucydides.core.steps.StepInterceptor.invokeMethod(StepInterceptor.java:460)
	at net.thucydides.core.steps.StepInterceptor.executeTestStepMethod(StepInterceptor.java:445)
	at net.thucydides.core.steps.StepInterceptor.runTestStep(StepInterceptor.java:420)
	at net.thucydides.core.steps.StepInterceptor.runOrSkipMethod(StepInterceptor.java:175)
	at net.thucydides.core.steps.StepInterceptor.testStepResult(StepInterceptor.java:162)
	at net.thucydides.core.steps.StepInterceptor.intercept(StepInterceptor.java:68)
	at interactions.SelectProductsOfUsers$$EnhancerByCGLIB$$61fd2270.performAs(&lt;generated&gt;)
	at net.serenitybdd.screenplay.Actor.performTask(Actor.java:233)
	at net.serenitybdd.screenplay.Actor.perform(Actor.java:214)
	at net.serenitybdd.screenplay.Actor.attemptsTo(Actor.java:171)
	at task.SelectProductMimovistar.performAs(SelectProductMimovistar.java:11)
	at task.SelectProductMimovistar$$EnhancerByCGLIB$$193e6533.CGLIB$performAs$0(&lt;generated&gt;)
	at task.SelectProductMimovistar$$EnhancerByCGLIB$$193e6533$$FastClassByCGLIB$$608da052.invoke(&lt;generated&gt;)
	at net.sf.cglib.proxy.MethodProxy.invokeSuper(MethodProxy.java:228)
	at net.thucydides.core.steps.StepInterceptor.invokeMethod(StepInterceptor.java:460)
	at net.thucydides.core.steps.StepInterceptor.executeTestStepMethod(StepInterceptor.java:445)
	at net.thucydides.core.steps.StepInterceptor.runTestStep(StepInterceptor.java:420)
	at net.thucydides.core.steps.StepInterceptor.runOrSkipMethod(StepInterceptor.java:175)
	at net.thucydides.core.steps.StepInterceptor.testStepResult(StepInterceptor.java:162)
	at net.thucydides.core.steps.StepInterceptor.intercept(StepInterceptor.java:68)
	at task.SelectProductMimovistar$$EnhancerByCGLIB$$193e6533.performAs(&lt;generated&gt;)
	at net.serenitybdd.screenplay.Actor.performTask(Actor.java:233)
	at net.serenitybdd.screenplay.Actor.perform(Actor.java:214)
	at net.serenitybdd.screenplay.Actor.attemptsTo(Actor.java:171)
	at appMimovistar.stepDefinitions.SelectProductMimovistarStepDefinition.brandonSelectTheProductToUser(SelectProductMimovistarStepDefinition.java:19)
	at ✽.Brandon select the product to user(src/test/resources/Features/SelectProduct.feature:5)
</failure>
  </testcase>
  <system-out><![CDATA[3
[[[[[io.appium.java_client.AppiumDriver, Capabilities: {appActivity=movistar.android.app.MainActivity, appPackage=movistar.android.app, databaseEnabled=false, desired={platformName=android, appActivity=movistar.android.app.MainActivity, appPackage=movistar.android.app, deviceName=M2004J19G, noReset=true, platformVersion=10, udid=ff5dd04c0505}, deviceApiLevel=29, deviceManufacturer=Xiaomi, deviceModel=M2004J19C, deviceName=ff5dd04c0505, deviceScreenDensity=440, deviceScreenSize=1080x2340, deviceUDID=ff5dd04c0505, javascriptEnabled=true, locationContextEnabled=false, networkConnectionEnabled=true, noReset=true, pixelRatio=2.75, platform=LINUX, platformName=Android, platformVersion=10, statBarHeight=76, takesScreenshot=true, udid=ff5dd04c0505, viewportRect={left=0, top=76, width=1080, height=2058}, warnings={}, webStorageEnabled=false}] -> xpath: (//*[@class='android.view.View'])[31]]] -> xpath: (//*[@class='android.view.View'])[31]]]poraqui

]]></system-out>
  <system-err><![CDATA[nov. 03, 2022 12:10:17 P. M. io.appium.java_client.remote.AppiumCommandExecutor$1 lambda$0
INFO: Detected dialect: W3C
[Test worker] ERROR net.thucydides.core.steps.ConsoleLoggingListener - 
           __  _____ _____ ____ _____   _____ _    ___ _     _____ ____  
  _       / / |_   _| ____/ ___|_   _| |  ___/ \  |_ _| |   | ____|  _ \ 
 (_)_____| |    | | |  _| \___ \ | |   | |_ / _ \  | || |   |  _| | | | |
  _|_____| |    | | | |___ ___) || |   |  _/ ___ \ | || |___| |___| |_| |
 (_)     | |    |_| |_____|____/ |_|   |_|/_/   \_\___|_____|_____|____/ 
          \_\                                                            

TEST FAILED WITH ERROR: Select producto to user
---------------------------------------------------------------------
[Test worker] ERROR net.thucydides.core.steps.ConsoleLoggingListener - TEST FAILED AT STEP Kevin interact with this
[Test worker] ERROR net.thucydides.core.steps.ConsoleLoggingListener - 
]]></system-err>
</testsuite>
